Arguments: 
  /usr/local/bin/node /usr/local/bin/yarn test

PATH: 
  /Library/Frameworks/Python.framework/Versions/3.6/bin:/Library/Frameworks/Python.framework/Versions/2.7/bin:/usr/local/bin:/usr/bin:/bin:/usr/sbin:/sbin:/Library/Frameworks/Mono.framework/Versions/Current/Commands:/Library/Frameworks/Python.framework/Versions/3.6/bin:/Library/Frameworks/Python.framework/Versions/2.7/bin

Yarn version: 
  1.9.4

Node version: 
  10.8.0

Platform: 
  darwin x64

Trace: 
  SyntaxError: /Users/Aron/Desktop/graphql-ts-server-boilerplate/package.json: Unexpected token } in JSON at position 1027
      at JSON.parse (<anonymous>)
      at /usr/local/lib/node_modules/yarn/lib/cli.js:1130:59
      at Generator.next (<anonymous>)
      at step (/usr/local/lib/node_modules/yarn/lib/cli.js:92:30)
      at /usr/local/lib/node_modules/yarn/lib/cli.js:103:13

npm manifest: 
  {
     "name": "graphql-ts-server-boilerplate",
     "version": "0.0.1",
     "description": "Awesome project developed with TypeORM.",
     "devDependencies": {
        "@types/jest": "^23.3.10",
        "@types/node": "^8.0.29",
        "@types/uuid": "^3.4.4",
        "gql2ts": "^1.10.1",
        "jest": "^22.4.4",
        "nodemon": "^1.18.7",
        "start-server-and-test": "^1.7.11",
        "ts-jest": "^22.4.6",
        "ts-node": "3.3.0",
        "tslint": "^5.11.0",
        "tslint-config-prettier": "^1.17.0",
        "typescript": "2.5.2"
     },
     "dependencies": {
        "@types/bcryptjs": "^2.4.2",
        "bcryptjs": "^2.4.3",
        "graphql-import": "^0.7.1",
        "graphql-request": "^1.8.2",
        "graphql-yoga": "^1.16.7",
        "pg": "^7.7.1",
        "reflect-metadata": "^0.1.10",
        "typeorm": "^0.2.9",
        "uuid": "^3.3.2"
     },
     "scripts": {
        "start": "NODE_ENV=development nodemon --exec ts-node src/index.ts",
        "test": "jest",
        "gen-schema-types": "gql2ts src/schema.graphql -o src/types/schema.d.ts",
     },
     "jest": {
        "transform": {
           "^.+\\.tsx?$": "ts-jest"
        },
        "testRegex": "(/__tests__/.*|(\\.|/)(test|spec))\\.(jsx?|tsx?)$",
        "moduleFileExtensions": [
           "ts",
           "tsx",
           "js",
           "jsx",
           "json",
           "node"
        ],
        "testEnvironment": "node",
        "verbose": true
     }
  }

yarn manifest: 
  No manifest

Lockfile: 
  No lockfile
